ERROR - 20150817092746 --> Severity: Notice --> Undefined variable: category C:\xampp\htdocs\makanenak\application\views\admin_user_creation.php 51
ERROR - 20150817094739 --> Severity: Notice --> Undefined variable: category C:\xampp\htdocs\makanenak\application\views\admin_user_creation.php 55
ERROR - 20150817094753 --> Severity: Notice --> Undefined variable: category C:\xampp\htdocs\makanenak\application\views\admin_user_creation.php 55
ERROR - 20150817095320 --> Severity: Notice --> Undefined variable: category C:\xampp\htdocs\makanenak\application\views\admin_user_creation.php 72
ERROR - 20150817095343 --> Severity: Notice --> Undefined variable: category C:\xampp\htdocs\makanenak\application\views\admin_user_creation.php 72
ERROR - 20150817110204 --> Query error: Column 'captcha_time' cannot be null - Invalid query: INSERT INTO `captcha` (`captcha_time`, `ip_address`, `word`) VALUES (NULL, '::1', NULL)
ERROR - 20150817110204 --> Severity: Notice --> Undefined variable: user C:\xampp\htdocs\makanenak\application\views\admin_user_creation.php 62
ERROR - 20150817110204 --> Severity: Notice --> Trying to get property of non-object C:\xampp\htdocs\makanenak\application\views\admin_user_creation.php 62
ERROR - 20150817110204 --> Severity: Notice --> Undefined variable: user C:\xampp\htdocs\makanenak\application\views\admin_user_creation.php 63
ERROR - 20150817110204 --> Severity: Notice --> Trying to get property of non-object C:\xampp\htdocs\makanenak\application\views\admin_user_creation.php 63
ERROR - 20150817110204 --> Severity: Notice --> Undefined variable: user C:\xampp\htdocs\makanenak\application\views\admin_user_creation.php 64
ERROR - 20150817110204 --> Severity: Notice --> Trying to get property of non-object C:\xampp\htdocs\makanenak\application\views\admin_user_creation.php 64
ERROR - 20150817110232 --> Query error: Column 'captcha_time' cannot be null - Invalid query: INSERT INTO `captcha` (`captcha_time`, `ip_address`, `word`) VALUES (NULL, '::1', NULL)
ERROR - 20150817110232 --> Severity: Notice --> Undefined variable: user C:\xampp\htdocs\makanenak\application\views\admin_user_creation.php 62
ERROR - 20150817110232 --> Severity: Notice --> Trying to get property of non-object C:\xampp\htdocs\makanenak\application\views\admin_user_creation.php 62
ERROR - 20150817110232 --> Severity: Notice --> Undefined variable: user C:\xampp\htdocs\makanenak\application\views\admin_user_creation.php 63
ERROR - 20150817110232 --> Severity: Notice --> Trying to get property of non-object C:\xampp\htdocs\makanenak\application\views\admin_user_creation.php 63
ERROR - 20150817110232 --> Severity: Notice --> Undefined variable: user C:\xampp\htdocs\makanenak\application\views\admin_user_creation.php 64
ERROR - 20150817110232 --> Severity: Notice --> Trying to get property of non-object C:\xampp\htdocs\makanenak\application\views\admin_user_creation.php 64
ERROR - 20150817110414 --> Query error: Column 'captcha_time' cannot be null - Invalid query: INSERT INTO `captcha` (`captcha_time`, `ip_address`, `word`) VALUES (NULL, '::1', NULL)
ERROR - 20150817110414 --> Severity: Notice --> Undefined variable: user C:\xampp\htdocs\makanenak\application\views\admin_user_creation.php 62
ERROR - 20150817110414 --> Severity: Notice --> Trying to get property of non-object C:\xampp\htdocs\makanenak\application\views\admin_user_creation.php 62
ERROR - 20150817110414 --> Severity: Notice --> Undefined variable: user C:\xampp\htdocs\makanenak\application\views\admin_user_creation.php 63
ERROR - 20150817110414 --> Severity: Notice --> Trying to get property of non-object C:\xampp\htdocs\makanenak\application\views\admin_user_creation.php 63
ERROR - 20150817110414 --> Severity: Notice --> Undefined variable: user C:\xampp\htdocs\makanenak\application\views\admin_user_creation.php 64
ERROR - 20150817110414 --> Severity: Notice --> Trying to get property of non-object C:\xampp\htdocs\makanenak\application\views\admin_user_creation.php 64
ERROR - 20150817110419 --> Query error: Column 'captcha_time' cannot be null - Invalid query: INSERT INTO `captcha` (`captcha_time`, `ip_address`, `word`) VALUES (NULL, '::1', NULL)
ERROR - 20150817110419 --> Severity: Notice --> Undefined variable: user C:\xampp\htdocs\makanenak\application\views\admin_user_creation.php 62
ERROR - 20150817110419 --> Severity: Notice --> Trying to get property of non-object C:\xampp\htdocs\makanenak\application\views\admin_user_creation.php 62
ERROR - 20150817110419 --> Severity: Notice --> Undefined variable: user C:\xampp\htdocs\makanenak\application\views\admin_user_creation.php 63
ERROR - 20150817110419 --> Severity: Notice --> Trying to get property of non-object C:\xampp\htdocs\makanenak\application\views\admin_user_creation.php 63
ERROR - 20150817110419 --> Severity: Notice --> Undefined variable: user C:\xampp\htdocs\makanenak\application\views\admin_user_creation.php 64
ERROR - 20150817110419 --> Severity: Notice --> Trying to get property of non-object C:\xampp\htdocs\makanenak\application\views\admin_user_creation.php 64
ERROR - 20150817110539 --> Query error: Column 'captcha_time' cannot be null - Invalid query: INSERT INTO `captcha` (`captcha_time`, `ip_address`, `word`) VALUES (NULL, '::1', NULL)
ERROR - 20150817110539 --> Severity: Notice --> Undefined variable: user C:\xampp\htdocs\makanenak\application\views\admin_user_creation.php 62
ERROR - 20150817110539 --> Severity: Notice --> Trying to get property of non-object C:\xampp\htdocs\makanenak\application\views\admin_user_creation.php 62
ERROR - 20150817110539 --> Severity: Notice --> Undefined variable: user C:\xampp\htdocs\makanenak\application\views\admin_user_creation.php 63
ERROR - 20150817110539 --> Severity: Notice --> Trying to get property of non-object C:\xampp\htdocs\makanenak\application\views\admin_user_creation.php 63
ERROR - 20150817110539 --> Severity: Notice --> Undefined variable: user C:\xampp\htdocs\makanenak\application\views\admin_user_creation.php 64
ERROR - 20150817110539 --> Severity: Notice --> Trying to get property of non-object C:\xampp\htdocs\makanenak\application\views\admin_user_creation.php 64
ERROR - 20150817110631 --> Query error: Column 'captcha_time' cannot be null - Invalid query: INSERT INTO `captcha` (`captcha_time`, `ip_address`, `word`) VALUES (NULL, '::1', NULL)
ERROR - 20150817110631 --> Severity: Notice --> Undefined variable: user C:\xampp\htdocs\makanenak\application\views\admin_user_creation.php 63
ERROR - 20150817110631 --> Severity: Notice --> Trying to get property of non-object C:\xampp\htdocs\makanenak\application\views\admin_user_creation.php 63
ERROR - 20150817110631 --> Severity: Notice --> Undefined variable: user C:\xampp\htdocs\makanenak\application\views\admin_user_creation.php 64
ERROR - 20150817110631 --> Severity: Notice --> Trying to get property of non-object C:\xampp\htdocs\makanenak\application\views\admin_user_creation.php 64
ERROR - 20150817110703 --> Query error: Column 'captcha_time' cannot be null - Invalid query: INSERT INTO `captcha` (`captcha_time`, `ip_address`, `word`) VALUES (NULL, '::1', NULL)
ERROR - 20150817110843 --> Query error: Column 'captcha_time' cannot be null - Invalid query: INSERT INTO `captcha` (`captcha_time`, `ip_address`, `word`) VALUES (NULL, '::1', NULL)
ERROR - 20150817112606 --> Severity: Notice --> Undefined variable: error C:\xampp\htdocs\makanenak\application\libraries\Db_trans.php 39
ERROR - 20150817113133 --> Severity: Notice --> Undefined variable: error C:\xampp\htdocs\makanenak\application\libraries\Db_trans.php 39
ERROR - 20150817113308 --> Severity: Notice --> Undefined variable: error C:\xampp\htdocs\makanenak\application\libraries\Db_trans.php 39
ERROR - 20150817113356 --> Severity: Notice --> Undefined variable: error C:\xampp\htdocs\makanenak\application\libraries\Db_trans.php 39
ERROR - 20150817113521 --> Severity: Parsing Error --> syntax error, unexpected ''users/user_view);' (T_ENCAPSED_AND_WHITESPACE) C:\xampp\htdocs\makanenak\application\controllers\users.php 133
ERROR - 20150817113526 --> Severity: Parsing Error --> syntax error, unexpected ''users/user_view);' (T_ENCAPSED_AND_WHITESPACE) C:\xampp\htdocs\makanenak\application\controllers\users.php 133
ERROR - 20150817113526 --> Severity: Parsing Error --> syntax error, unexpected ''users/user_view);' (T_ENCAPSED_AND_WHITESPACE) C:\xampp\htdocs\makanenak\application\controllers\users.php 133
ERROR - 20150817113545 --> Query error: Cannot delete or update a parent row: a foreign key constraint fails (`makanenak`.`posts`, CONSTRAINT `posts_ibfk_2` FOREIGN KEY (`author`) REFERENCES `users` (`user_id`) ON DELETE NO ACTION ON UPDATE NO ACTION) - Invalid query: DELETE FROM `users`
WHERE `user_id` = 'OCKY'
ERROR - 20150817114315 --> Severity: Notice --> Undefined variable: user C:\xampp\htdocs\makanenak\application\views\admin_user_creation.php 40
ERROR - 20150817114315 --> Severity: Notice --> Trying to get property of non-object C:\xampp\htdocs\makanenak\application\views\admin_user_creation.php 40
ERROR - 20150817114315 --> Severity: Notice --> Undefined variable: user C:\xampp\htdocs\makanenak\application\views\admin_user_creation.php 52
ERROR - 20150817114315 --> Severity: Notice --> Trying to get property of non-object C:\xampp\htdocs\makanenak\application\views\admin_user_creation.php 52
ERROR - 20150817114315 --> Severity: Notice --> Undefined variable: user C:\xampp\htdocs\makanenak\application\views\admin_user_creation.php 56
ERROR - 20150817114315 --> Severity: Notice --> Trying to get property of non-object C:\xampp\htdocs\makanenak\application\views\admin_user_creation.php 56
ERROR - 20150817153919 --> Severity: Parsing Error --> syntax error, unexpected '->' (T_OBJECT_OPERATOR) C:\xampp\htdocs\makanenak\application\controllers\users.php 108
ERROR - 20150817153945 --> 404 Page Not Found: Login/view
ERROR - 20150817154003 --> 404 Page Not Found: Login/view
ERROR - 20150817154009 --> 404 Page Not Found: Login/index
ERROR - 20150817154013 --> 404 Page Not Found: Login/index
ERROR - 20150817154129 --> Severity: Notice --> Undefined variable: username C:\xampp\htdocs\makanenak\application\views\admin_header.php 257
ERROR - 20150817154129 --> Severity: Notice --> Undefined variable: username C:\xampp\htdocs\makanenak\application\views\admin_sidebar_left.php 11
ERROR - 20150817154129 --> Severity: Notice --> Undefined variable: am C:\xampp\htdocs\makanenak\application\views\admin_sidebar_left.php 19
ERROR - 20150817154129 --> Severity: Notice --> Undefined variable: am C:\xampp\htdocs\makanenak\application\views\admin_sidebar_left.php 24
ERROR - 20150817154129 --> Severity: Notice --> Undefined variable: asm_1 C:\xampp\htdocs\makanenak\application\views\admin_sidebar_left.php 31
ERROR - 20150817154129 --> Severity: Notice --> Undefined variable: asm_1 C:\xampp\htdocs\makanenak\application\views\admin_sidebar_left.php 38
ERROR - 20150817154129 --> Severity: Notice --> Undefined variable: am C:\xampp\htdocs\makanenak\application\views\admin_sidebar_left.php 47
ERROR - 20150817154129 --> Severity: Notice --> Undefined variable: asm_1 C:\xampp\htdocs\makanenak\application\views\admin_sidebar_left.php 54
ERROR - 20150817154129 --> Severity: Notice --> Undefined variable: asm_1 C:\xampp\htdocs\makanenak\application\views\admin_sidebar_left.php 61
ERROR - 20150817154129 --> Severity: Notice --> Undefined variable: am C:\xampp\htdocs\makanenak\application\views\admin_sidebar_left.php 70
ERROR - 20150817154129 --> Severity: Notice --> Undefined variable: asm_1 C:\xampp\htdocs\makanenak\application\views\admin_sidebar_left.php 77
ERROR - 20150817154129 --> Severity: Notice --> Undefined variable: asm_1 C:\xampp\htdocs\makanenak\application\views\admin_sidebar_left.php 83
ERROR - 20150817154129 --> Severity: Notice --> Undefined variable: asm_1 C:\xampp\htdocs\makanenak\application\views\admin_sidebar_left.php 89
ERROR - 20150817154129 --> Severity: Notice --> Undefined variable: am C:\xampp\htdocs\makanenak\application\views\admin_sidebar_left.php 97
ERROR - 20150817154129 --> Severity: Notice --> Undefined variable: asm_1 C:\xampp\htdocs\makanenak\application\views\admin_sidebar_left.php 104
ERROR - 20150817154129 --> Severity: Notice --> Undefined variable: asm_1 C:\xampp\htdocs\makanenak\application\views\admin_sidebar_left.php 110
ERROR - 20150817154129 --> Severity: Notice --> Undefined variable: asm_1 C:\xampp\htdocs\makanenak\application\views\admin_sidebar_left.php 116
ERROR - 20150817154129 --> Severity: Notice --> Undefined variable: am C:\xampp\htdocs\makanenak\application\views\admin_sidebar_left.php 124
ERROR - 20150817154129 --> Severity: Notice --> Undefined variable: asm_1 C:\xampp\htdocs\makanenak\application\views\admin_sidebar_left.php 131
ERROR - 20150817154129 --> Severity: Notice --> Undefined variable: asm_1 C:\xampp\htdocs\makanenak\application\views\admin_sidebar_left.php 137
ERROR - 20150817154129 --> Severity: Notice --> Undefined variable: am C:\xampp\htdocs\makanenak\application\views\admin_sidebar_left.php 145
ERROR - 20150817154129 --> Severity: Notice --> Undefined variable: asm_1 C:\xampp\htdocs\makanenak\application\views\admin_sidebar_left.php 152
ERROR - 20150817154129 --> Severity: Notice --> Constant ADMIN_LTE_DIR already defined C:\xampp\htdocs\makanenak\application\views\admin_login.php 2
ERROR - 20150817154129 --> Severity: Notice --> Constant GENERAL_JS_DIR already defined C:\xampp\htdocs\makanenak\application\views\admin_login.php 3
ERROR - 20150817154129 --> Severity: Notice --> Constant GENERAL_CSS_DIR already defined C:\xampp\htdocs\makanenak\application\views\admin_login.php 4
ERROR - 20150817160939 --> 404 Page Not Found: Userguides/index
ERROR - 20150817163207 --> Severity: Error --> Call to a member function userdata() on a non-object C:\xampp\htdocs\makanenak\application\core\MY_Controller.php 16
ERROR - 20150817164110 --> Severity: Notice --> Constant ADMIN_LTE_DIR already defined C:\xampp\htdocs\makanenak\application\views\admin_login.php 2
ERROR - 20150817164110 --> Severity: Notice --> Constant GENERAL_JS_DIR already defined C:\xampp\htdocs\makanenak\application\views\admin_login.php 3
ERROR - 20150817164110 --> Severity: Notice --> Constant GENERAL_CSS_DIR already defined C:\xampp\htdocs\makanenak\application\views\admin_login.php 4
ERROR - 20150817164110 --> Severity: Notice --> Constant GENERAL_IMAGES_DIR already defined C:\xampp\htdocs\makanenak\application\views\admin_login.php 5
ERROR - 20150817164704 --> Severity: Error --> Call to a member function userdata() on a non-object C:\xampp\htdocs\makanenak\application\core\MY_Controller.php 17
ERROR - 20150817164706 --> Severity: Error --> Call to a member function userdata() on a non-object C:\xampp\htdocs\makanenak\application\core\MY_Controller.php 17
ERROR - 20150817164723 --> Severity: Error --> Class 'Controller' not found C:\xampp\htdocs\makanenak\application\core\MY_Controller.php 4
ERROR - 20150817164731 --> Severity: Notice --> Constant ADMIN_LTE_DIR already defined C:\xampp\htdocs\makanenak\application\views\admin_login.php 2
ERROR - 20150817164731 --> Severity: Notice --> Constant GENERAL_JS_DIR already defined C:\xampp\htdocs\makanenak\application\views\admin_login.php 3
ERROR - 20150817164731 --> Severity: Notice --> Constant GENERAL_CSS_DIR already defined C:\xampp\htdocs\makanenak\application\views\admin_login.php 4
ERROR - 20150817164731 --> Severity: Notice --> Constant GENERAL_IMAGES_DIR already defined C:\xampp\htdocs\makanenak\application\views\admin_login.php 5
ERROR - 20150817164814 --> Severity: Notice --> Constant ADMIN_LTE_DIR already defined C:\xampp\htdocs\makanenak\application\views\admin_header.php 2
ERROR - 20150817164814 --> Severity: Notice --> Constant GENERAL_JS_DIR already defined C:\xampp\htdocs\makanenak\application\views\admin_header.php 3
ERROR - 20150817164814 --> Severity: Notice --> Constant GENERAL_CSS_DIR already defined C:\xampp\htdocs\makanenak\application\views\admin_header.php 4
ERROR - 20150817164833 --> Severity: Notice --> Constant ADMIN_LTE_DIR already defined C:\xampp\htdocs\makanenak\application\views\admin_header.php 2
ERROR - 20150817164833 --> Severity: Notice --> Constant GENERAL_JS_DIR already defined C:\xampp\htdocs\makanenak\application\views\admin_header.php 3
ERROR - 20150817164833 --> Severity: Notice --> Constant GENERAL_CSS_DIR already defined C:\xampp\htdocs\makanenak\application\views\admin_header.php 4
ERROR - 20150817170420 --> Severity: Notice --> Constant ADMIN_LTE_DIR already defined C:\xampp\htdocs\makanenak\application\views\admin_header.php 2
ERROR - 20150817170420 --> Severity: Notice --> Constant GENERAL_JS_DIR already defined C:\xampp\htdocs\makanenak\application\views\admin_header.php 3
ERROR - 20150817170420 --> Severity: Notice --> Constant GENERAL_CSS_DIR already defined C:\xampp\htdocs\makanenak\application\views\admin_header.php 4
ERROR - 20150817170500 --> 404 Page Not Found: Admin_login/index
ERROR - 20150817170514 --> 404 Page Not Found: Admin_login/index
ERROR - 20150817170525 --> 404 Page Not Found: Users/index
ERROR - 20150817170946 --> Severity: Compile Error --> Cannot use isset() on the result of a function call (you can use "null !== func()" instead) C:\xampp\htdocs\makanenak\application\controllers\users.php 7
ERROR - 20150817171917 --> Severity: Error --> Call to undefined function is_logged_in() C:\xampp\htdocs\makanenak\application\controllers\users.php 11
ERROR - 20150817172751 --> Severity: Notice --> Use of undefined constant user_data - assumed 'user_data' C:\xampp\htdocs\makanenak\application\controllers\users.php 216
ERROR - 20150817172751 --> Severity: Notice --> Undefined variable: user_data C:\xampp\htdocs\makanenak\application\controllers\users.php 221
ERROR - 20150817172751 --> Severity: Notice --> Trying to get property of non-object C:\xampp\htdocs\makanenak\application\controllers\users.php 221
ERROR - 20150817172812 --> Severity: Notice --> Undefined variable: user_data C:\xampp\htdocs\makanenak\application\controllers\users.php 216
