ERROR - 20151017081550 --> Severity: Error --> Call to a member function result() on a non-object C:\xampp\htdocs\midaonline\application\controllers\Frontpage.php 131
ERROR - 20151017081608 --> Severity: Notice --> Undefined variable: data C:\xampp\htdocs\midaonline\application\controllers\Frontpage.php 150
ERROR - 20151017081634 --> 404 Page Not Found: Css/bootstrap.min.css
ERROR - 20151017081634 --> 404 Page Not Found: Css/owl.carousel.css
ERROR - 20151017081634 --> 404 Page Not Found: Css/font-awesome.min.css
ERROR - 20151017081634 --> 404 Page Not Found: Lib/rs-plugin
ERROR - 20151017081634 --> 404 Page Not Found: Css/animate.css
ERROR - 20151017081634 --> 404 Page Not Found: Css/main.css
ERROR - 20151017081634 --> 404 Page Not Found: Stylecss/index
ERROR - 20151017081634 --> 404 Page Not Found: Css/color-css
ERROR - 20151017081634 --> 404 Page Not Found: Css/normalize.css
ERROR - 20151017081634 --> 404 Page Not Found: Css/mobile_menu.min.css
ERROR - 20151017081634 --> 404 Page Not Found: Js/vendor
ERROR - 20151017081634 --> 404 Page Not Found: Js/vendor
ERROR - 20151017081634 --> 404 Page Not Found: Js/price_slider.js
ERROR - 20151017081634 --> 404 Page Not Found: Js/bootstrap.min.js
ERROR - 20151017081634 --> 404 Page Not Found: Lib/rs-plugin
ERROR - 20151017081634 --> 404 Page Not Found: Js/jquery.mobilemenu.js
ERROR - 20151017081634 --> 404 Page Not Found: Lib/rs-plugin
ERROR - 20151017081634 --> 404 Page Not Found: Js/jquery.scrollUp.min.js
ERROR - 20151017081634 --> 404 Page Not Found: Js/plugins.js
ERROR - 20151017081634 --> 404 Page Not Found: Css/responsive.css
ERROR - 20151017081634 --> 404 Page Not Found: Js/main.js
ERROR - 20151017081634 --> 404 Page Not Found: Js/vendor
ERROR - 20151017081634 --> 404 Page Not Found: Img/icon.ico
ERROR - 20151017081634 --> 404 Page Not Found: Img/s-cart
ERROR - 20151017081634 --> 404 Page Not Found: Img/logo.png
ERROR - 20151017081634 --> 404 Page Not Found: Js/owl.carousel.min.js
ERROR - 20151017081634 --> 404 Page Not Found: Img/slider
ERROR - 20151017081634 --> 404 Page Not Found: Img/slider
ERROR - 20151017081634 --> 404 Page Not Found: Img/logo-footer.png
ERROR - 20151017081634 --> 404 Page Not Found: Img/s-cart
ERROR - 20151017081634 --> 404 Page Not Found: Img/slider
ERROR - 20151017081634 --> 404 Page Not Found: Img/clients
ERROR - 20151017081634 --> 404 Page Not Found: Img/slider
ERROR - 20151017081634 --> 404 Page Not Found: Img/payment_card
ERROR - 20151017081634 --> 404 Page Not Found: Img/payment_card
ERROR - 20151017081634 --> 404 Page Not Found: Img/payment_card
ERROR - 20151017081634 --> 404 Page Not Found: Img/clients
ERROR - 20151017081634 --> 404 Page Not Found: Js/price_slider.js
ERROR - 20151017081634 --> 404 Page Not Found: Img/payment_card
ERROR - 20151017081634 --> 404 Page Not Found: Js/bootstrap.min.js
ERROR - 20151017081634 --> 404 Page Not Found: Img/icon.ico
ERROR - 20151017081634 --> 404 Page Not Found: Js/owl.carousel.min.js
ERROR - 20151017081634 --> 404 Page Not Found: Img/clients
ERROR - 20151017081634 --> 404 Page Not Found: Js/jquery.scrollUp.min.js
ERROR - 20151017081634 --> 404 Page Not Found: Js/jquery.mobilemenu.js
ERROR - 20151017081634 --> 404 Page Not Found: Lib/rs-plugin
ERROR - 20151017081634 --> 404 Page Not Found: Lib/rs-plugin
ERROR - 20151017081634 --> 404 Page Not Found: Js/plugins.js
ERROR - 20151017081634 --> 404 Page Not Found: Js/main.js
ERROR - 20151017081815 --> Severity: Notice --> Use of undefined constant ORGANIQUE_DIR - assumed 'ORGANIQUE_DIR' C:\xampp\htdocs\midaonline\application\views\raboda\home.php 21
ERROR - 20151017081815 --> 404 Page Not Found: Img/logo.png
ERROR - 20151017081815 --> 404 Page Not Found: Css/bootstrap.min.css
ERROR - 20151017081815 --> 404 Page Not Found: Img/s-cart
ERROR - 20151017081815 --> 404 Page Not Found: Css/font-awesome.min.css
ERROR - 20151017081815 --> 404 Page Not Found: Img/slider
ERROR - 20151017081815 --> 404 Page Not Found: Css/owl.carousel.css
ERROR - 20151017081815 --> 404 Page Not Found: Css/animate.css
ERROR - 20151017081815 --> 404 Page Not Found: Img/s-cart
ERROR - 20151017081815 --> 404 Page Not Found: Lib/rs-plugin
ERROR - 20151017081815 --> 404 Page Not Found: Stylecss/index
ERROR - 20151017081815 --> 404 Page Not Found: Css/main.css
ERROR - 20151017081815 --> 404 Page Not Found: Img/slider
ERROR - 20151017081815 --> 404 Page Not Found: Css/normalize.css
ERROR - 20151017081816 --> 404 Page Not Found: Css/mobile_menu.min.css
ERROR - 20151017081816 --> 404 Page Not Found: Js/vendor
ERROR - 20151017081816 --> 404 Page Not Found: Js/vendor
ERROR - 20151017081816 --> 404 Page Not Found: Js/price_slider.js
ERROR - 20151017081816 --> 404 Page Not Found: Js/owl.carousel.min.js
ERROR - 20151017081816 --> 404 Page Not Found: Js/jquery.scrollUp.min.js
ERROR - 20151017081816 --> 404 Page Not Found: Lib/rs-plugin
ERROR - 20151017081816 --> 404 Page Not Found: Lib/rs-plugin
ERROR - 20151017081816 --> 404 Page Not Found: Css/color-css
ERROR - 20151017081816 --> 404 Page Not Found: Css/responsive.css
ERROR - 20151017081816 --> 404 Page Not Found: Js/bootstrap.min.js
ERROR - 20151017081816 --> 404 Page Not Found: Js/jquery.mobilemenu.js
ERROR - 20151017081816 --> 404 Page Not Found: Js/vendor
ERROR - 20151017081816 --> 404 Page Not Found: Js/main.js
ERROR - 20151017081816 --> 404 Page Not Found: Js/plugins.js
ERROR - 20151017081816 --> 404 Page Not Found: Img/logo-footer.png
ERROR - 20151017081816 --> 404 Page Not Found: Img/clients
ERROR - 20151017081816 --> 404 Page Not Found: Img/slider
ERROR - 20151017081816 --> 404 Page Not Found: Img/clients
ERROR - 20151017081816 --> 404 Page Not Found: Img/clients
ERROR - 20151017081816 --> 404 Page Not Found: Img/payment_card
ERROR - 20151017081816 --> 404 Page Not Found: Js/price_slider.js
ERROR - 20151017081816 --> 404 Page Not Found: Img/payment_card
ERROR - 20151017081816 --> 404 Page Not Found: Img/slider
ERROR - 20151017081816 --> 404 Page Not Found: Img/logo.png
ERROR - 20151017081816 --> 404 Page Not Found: Img/payment_card
ERROR - 20151017081816 --> 404 Page Not Found: Img/payment_card
ERROR - 20151017081816 --> 404 Page Not Found: Img/s-cart
ERROR - 20151017081816 --> 404 Page Not Found: Js/bootstrap.min.js
ERROR - 20151017081816 --> 404 Page Not Found: Img/s-cart
ERROR - 20151017081816 --> 404 Page Not Found: Img/slider
ERROR - 20151017081816 --> 404 Page Not Found: Img/slider
ERROR - 20151017081816 --> 404 Page Not Found: Js/owl.carousel.min.js
ERROR - 20151017081816 --> 404 Page Not Found: Js/jquery.scrollUp.min.js
ERROR - 20151017081816 --> 404 Page Not Found: Js/jquery.mobilemenu.js
ERROR - 20151017081816 --> 404 Page Not Found: Lib/rs-plugin
ERROR - 20151017081816 --> 404 Page Not Found: Lib/rs-plugin
ERROR - 20151017081816 --> 404 Page Not Found: Js/plugins.js
ERROR - 20151017081816 --> 404 Page Not Found: Js/main.js
ERROR - 20151017081828 --> 404 Page Not Found: Css/bootstrap.min.css
ERROR - 20151017081828 --> 404 Page Not Found: Lib/rs-plugin
ERROR - 20151017081828 --> 404 Page Not Found: Css/animate.css
ERROR - 20151017081828 --> 404 Page Not Found: Css/owl.carousel.css
ERROR - 20151017081828 --> 404 Page Not Found: Css/normalize.css
ERROR - 20151017081828 --> 404 Page Not Found: Css/main.css
ERROR - 20151017081828 --> 404 Page Not Found: Stylecss/index
ERROR - 20151017081828 --> 404 Page Not Found: Css/mobile_menu.min.css
ERROR - 20151017081828 --> 404 Page Not Found: Css/responsive.css
ERROR - 20151017081828 --> 404 Page Not Found: Js/vendor
ERROR - 20151017081828 --> 404 Page Not Found: Js/vendor
ERROR - 20151017081828 --> 404 Page Not Found: Js/bootstrap.min.js
ERROR - 20151017081828 --> 404 Page Not Found: Js/price_slider.js
ERROR - 20151017081828 --> 404 Page Not Found: Js/owl.carousel.min.js
ERROR - 20151017081828 --> 404 Page Not Found: Js/jquery.scrollUp.min.js
ERROR - 20151017081828 --> 404 Page Not Found: Lib/rs-plugin
ERROR - 20151017081828 --> 404 Page Not Found: Css/color-css
ERROR - 20151017081828 --> 404 Page Not Found: Js/jquery.mobilemenu.js
ERROR - 20151017081828 --> 404 Page Not Found: Js/plugins.js
ERROR - 20151017081828 --> 404 Page Not Found: Lib/rs-plugin
ERROR - 20151017081828 --> 404 Page Not Found: Js/vendor
ERROR - 20151017081828 --> 404 Page Not Found: Js/main.js
ERROR - 20151017081828 --> 404 Page Not Found: Css/font-awesome.min.css
ERROR - 20151017081828 --> 404 Page Not Found: Js/price_slider.js
ERROR - 20151017081828 --> 404 Page Not Found: Img/slider
ERROR - 20151017081828 --> 404 Page Not Found: Img/s-cart
ERROR - 20151017081828 --> 404 Page Not Found: Img/logo.png
ERROR - 20151017081828 --> 404 Page Not Found: Img/logo-footer.png
ERROR - 20151017081828 --> 404 Page Not Found: Img/slider
ERROR - 20151017081828 --> 404 Page Not Found: Img/s-cart
ERROR - 20151017081828 --> 404 Page Not Found: Img/clients
ERROR - 20151017081828 --> 404 Page Not Found: Img/slider
ERROR - 20151017081828 --> 404 Page Not Found: Img/clients
ERROR - 20151017081828 --> 404 Page Not Found: Js/bootstrap.min.js
ERROR - 20151017081828 --> 404 Page Not Found: Img/clients
ERROR - 20151017081828 --> 404 Page Not Found: Img/payment_card
ERROR - 20151017081828 --> 404 Page Not Found: Img/payment_card
ERROR - 20151017081828 --> 404 Page Not Found: Img/slider
ERROR - 20151017081828 --> 404 Page Not Found: Img/payment_card
ERROR - 20151017081828 --> 404 Page Not Found: Js/owl.carousel.min.js
ERROR - 20151017081828 --> 404 Page Not Found: Img/payment_card
ERROR - 20151017081828 --> 404 Page Not Found: Js/jquery.scrollUp.min.js
ERROR - 20151017081828 --> 404 Page Not Found: Js/jquery.mobilemenu.js
ERROR - 20151017081828 --> 404 Page Not Found: Lib/rs-plugin
ERROR - 20151017081828 --> 404 Page Not Found: Lib/rs-plugin
ERROR - 20151017081828 --> 404 Page Not Found: Js/plugins.js
ERROR - 20151017081828 --> 404 Page Not Found: Js/main.js
ERROR - 20151017081920 --> 404 Page Not Found: Lib/rs-plugin
ERROR - 20151017081920 --> 404 Page Not Found: Lib/rs-plugin
ERROR - 20151017081920 --> 404 Page Not Found: Lib/rs-plugin
ERROR - 20151017081920 --> 404 Page Not Found: Img/logo.png
ERROR - 20151017081920 --> 404 Page Not Found: Img/s-cart
ERROR - 20151017081920 --> 404 Page Not Found: Img/slider
ERROR - 20151017081920 --> 404 Page Not Found: Img/logo-footer.png
ERROR - 20151017081920 --> 404 Page Not Found: Img/slider
ERROR - 20151017081920 --> 404 Page Not Found: Img/slider
ERROR - 20151017081920 --> 404 Page Not Found: Img/clients
ERROR - 20151017081920 --> 404 Page Not Found: Img/clients
ERROR - 20151017081920 --> 404 Page Not Found: Img/s-cart
ERROR - 20151017081920 --> 404 Page Not Found: Img/slider
ERROR - 20151017081920 --> 404 Page Not Found: Img/clients
ERROR - 20151017081920 --> 404 Page Not Found: Img/payment_card
ERROR - 20151017081920 --> 404 Page Not Found: Img/payment_card
ERROR - 20151017081920 --> 404 Page Not Found: Img/payment_card
ERROR - 20151017081920 --> 404 Page Not Found: Img/payment_card
ERROR - 20151017081920 --> 404 Page Not Found: Img/s-cart
ERROR - 20151017081920 --> 404 Page Not Found: Img/logo.png
ERROR - 20151017081920 --> 404 Page Not Found: Img/slider
ERROR - 20151017081920 --> 404 Page Not Found: Lib/rs-plugin
ERROR - 20151017081920 --> 404 Page Not Found: Lib/rs-plugin
ERROR - 20151017082006 --> 404 Page Not Found: Lib/rs-plugin
ERROR - 20151017124521 --> 404 Page Not Found: Assets/themes
ERROR - 20151017130517 --> 404 Page Not Found: Assets/themes
