ERROR - 20151020072543 --> Severity: Error --> Call to a member function num_rows() on a non-object C:\xampp\htdocs\midaonline\application\controllers\Cms.php 62
ERROR - 20151020073455 --> Severity: Error --> Call to a member function num_rows() on a non-object C:\xampp\htdocs\midaonline\application\controllers\Cms.php 62
ERROR - 20151020154408 --> Severity: Error --> Call to a member function num_rows() on a non-object C:\xampp\htdocs\midaonline\application\controllers\Cms.php 62
ERROR - 20151020155120 --> 404 Page Not Found: Assets/uploads
ERROR - 20151020155250 --> 404 Page Not Found: Assets/uploads
ERROR - 20151020155410 --> 404 Page Not Found: Assets/uploads
ERROR - 20151020155522 --> 404 Page Not Found: Assets/uploads
ERROR - 20151020160438 --> 404 Page Not Found: Assets/uploads
ERROR - 20151020161407 --> 404 Page Not Found: Assets/uploads
ERROR - 20151020163215 --> 404 Page Not Found: Assets/uploads
ERROR - 20151020164411 --> 404 Page Not Found: Cms/opt_company_update
ERROR - 20151020164422 --> Severity: Notice --> Trying to get property of non-object C:\xampp\htdocs\midaonline\application\controllers\Cms.php 538
ERROR - 20151020164422 --> Severity: Notice --> Trying to get property of non-object C:\xampp\htdocs\midaonline\application\controllers\Cms.php 539
ERROR - 20151020164422 --> Severity: Notice --> Trying to get property of non-object C:\xampp\htdocs\midaonline\application\controllers\Cms.php 538
ERROR - 20151020164422 --> Severity: Notice --> Trying to get property of non-object C:\xampp\htdocs\midaonline\application\controllers\Cms.php 539
ERROR - 20151020164422 --> Severity: Notice --> Trying to get property of non-object C:\xampp\htdocs\midaonline\application\controllers\Cms.php 538
ERROR - 20151020164422 --> Severity: Notice --> Trying to get property of non-object C:\xampp\htdocs\midaonline\application\controllers\Cms.php 539
ERROR - 20151020164422 --> Severity: Notice --> Trying to get property of non-object C:\xampp\htdocs\midaonline\application\controllers\Cms.php 538
ERROR - 20151020164422 --> Severity: Notice --> Trying to get property of non-object C:\xampp\htdocs\midaonline\application\controllers\Cms.php 539
ERROR - 20151020164422 --> Severity: Notice --> Trying to get property of non-object C:\xampp\htdocs\midaonline\application\controllers\Cms.php 538
ERROR - 20151020164422 --> Severity: Notice --> Trying to get property of non-object C:\xampp\htdocs\midaonline\application\controllers\Cms.php 539
ERROR - 20151020164422 --> Severity: Notice --> Trying to get property of non-object C:\xampp\htdocs\midaonline\application\controllers\Cms.php 538
ERROR - 20151020164422 --> Severity: Notice --> Trying to get property of non-object C:\xampp\htdocs\midaonline\application\controllers\Cms.php 539
ERROR - 20151020164422 --> Severity: Notice --> Trying to get property of non-object C:\xampp\htdocs\midaonline\application\controllers\Cms.php 538
ERROR - 20151020164422 --> Severity: Notice --> Trying to get property of non-object C:\xampp\htdocs\midaonline\application\controllers\Cms.php 539
ERROR - 20151020164423 --> Severity: Notice --> Trying to get property of non-object C:\xampp\htdocs\midaonline\application\controllers\Cms.php 538
ERROR - 20151020164423 --> Severity: Notice --> Trying to get property of non-object C:\xampp\htdocs\midaonline\application\controllers\Cms.php 539
ERROR - 20151020164423 --> Severity: Notice --> Trying to get property of non-object C:\xampp\htdocs\midaonline\application\controllers\Cms.php 538
ERROR - 20151020164423 --> Severity: Notice --> Trying to get property of non-object C:\xampp\htdocs\midaonline\application\controllers\Cms.php 539
ERROR - 20151020164423 --> Severity: Notice --> Trying to get property of non-object C:\xampp\htdocs\midaonline\application\controllers\Cms.php 538
ERROR - 20151020164423 --> Severity: Notice --> Trying to get property of non-object C:\xampp\htdocs\midaonline\application\controllers\Cms.php 539
ERROR - 20151020164423 --> Severity: Notice --> Trying to get property of non-object C:\xampp\htdocs\midaonline\application\controllers\Cms.php 538
ERROR - 20151020164423 --> Severity: Notice --> Trying to get property of non-object C:\xampp\htdocs\midaonline\application\controllers\Cms.php 539
ERROR - 20151020164423 --> Severity: Warning --> Cannot modify header information - headers already sent by (output started at C:\xampp\htdocs\midaonline\system\core\Exceptions.php:272) C:\xampp\htdocs\midaonline\system\helpers\url_helper.php 564
ERROR - 20151020164549 --> Severity: Notice --> Undefined variable: error C:\xampp\htdocs\midaonline\application\models\Common.php 75
ERROR - 20151020164549 --> Severity: Notice --> Undefined variable: error C:\xampp\htdocs\midaonline\application\models\Common.php 75
ERROR - 20151020164549 --> Severity: Notice --> Undefined variable: error C:\xampp\htdocs\midaonline\application\models\Common.php 75
ERROR - 20151020164549 --> Severity: Notice --> Undefined variable: error C:\xampp\htdocs\midaonline\application\models\Common.php 75
ERROR - 20151020164549 --> Severity: Notice --> Undefined variable: error C:\xampp\htdocs\midaonline\application\models\Common.php 75
ERROR - 20151020164549 --> Severity: Notice --> Undefined variable: error C:\xampp\htdocs\midaonline\application\models\Common.php 75
ERROR - 20151020164549 --> Severity: Notice --> Undefined variable: error C:\xampp\htdocs\midaonline\application\models\Common.php 75
ERROR - 20151020164550 --> Severity: Notice --> Undefined variable: error C:\xampp\htdocs\midaonline\application\models\Common.php 75
ERROR - 20151020164550 --> Severity: Notice --> Undefined variable: error C:\xampp\htdocs\midaonline\application\models\Common.php 75
ERROR - 20151020164550 --> Severity: Notice --> Undefined variable: error C:\xampp\htdocs\midaonline\application\models\Common.php 75
ERROR - 20151020164550 --> Severity: Notice --> Undefined variable: error C:\xampp\htdocs\midaonline\application\models\Common.php 75
ERROR - 20151020164550 --> Severity: Warning --> Cannot modify header information - headers already sent by (output started at C:\xampp\htdocs\midaonline\system\core\Exceptions.php:272) C:\xampp\htdocs\midaonline\system\helpers\url_helper.php 564
ERROR - 20151020164644 --> 404 Page Not Found: Assets/uploads
ERROR - 20151020164715 --> 404 Page Not Found: Assets/uploads
ERROR - 20151020164729 --> 404 Page Not Found: Assets/uploads
ERROR - 20151020203952 --> Severity: Error --> Call to a member function num_rows() on a non-object C:\xampp\htdocs\midaonline\application\controllers\Cms.php 62
ERROR - 20151020204628 --> Severity: Error --> Call to a member function result() on a non-object C:\xampp\htdocs\midaonline\application\views\admin\setting_commerce.php 59
ERROR - 20151020204714 --> Severity: Error --> Call to a member function result() on a non-object C:\xampp\htdocs\midaonline\application\views\admin\setting_commerce.php 60
ERROR - 20151020204719 --> Severity: Error --> Call to a member function result() on a non-object C:\xampp\htdocs\midaonline\application\views\admin\setting_commerce.php 60
ERROR - 20151020204910 --> Severity: Error --> Call to a member function result() on a non-object C:\xampp\htdocs\midaonline\application\views\admin\setting_commerce.php 268
ERROR - 20151020205051 --> Severity: Error --> Call to a member function result() on a non-object C:\xampp\htdocs\midaonline\application\views\admin\setting_commerce.php 265
ERROR - 20151020205058 --> Severity: Error --> Call to a member function result() on a non-object C:\xampp\htdocs\midaonline\application\views\admin\setting_commerce.php 265
ERROR - 20151020205122 --> Severity: Error --> Call to a member function result() on a non-object C:\xampp\htdocs\midaonline\application\views\admin\setting_commerce.php 265
ERROR - 20151020205203 --> Severity: Error --> Call to a member function result() on a non-object C:\xampp\htdocs\midaonline\application\views\admin\setting_commerce.php 265
ERROR - 20151020205628 --> Severity: Error --> Call to undefined method Common::insert_data() C:\xampp\htdocs\midaonline\application\controllers\Cms.php 1080
ERROR - 20151020205929 --> 404 Page Not Found: Assets/themes
ERROR - 20151020210254 --> Severity: Notice --> Undefined variable: data C:\xampp\htdocs\midaonline\application\controllers\Frontpage.php 142
ERROR - 20151020210303 --> 404 Page Not Found: Assets/themes
ERROR - 20151020210309 --> 404 Page Not Found: Assets/themes
ERROR - 20151020210558 --> Severity: Notice --> Undefined variable: options C:\xampp\htdocs\midaonline\application\views\raboda\footer.php 56
ERROR - 20151020210600 --> 404 Page Not Found: Assets/themes
ERROR - 20151020210625 --> 404 Page Not Found: Assets/themes
ERROR - 20151020210828 --> 404 Page Not Found: Assets/themes
ERROR - 20151020210946 --> 404 Page Not Found: Assets/themes
ERROR - 20151020211400 --> 404 Page Not Found: Assets/themes
ERROR - 20151020211740 --> 404 Page Not Found: Assets/themes
ERROR - 20151020212306 --> 404 Page Not Found: Assets/themes
ERROR - 20151020212509 --> Severity: Notice --> Undefined index: company_slogan C:\xampp\htdocs\midaonline\application\views\raboda\footer.php 10
ERROR - 20151020212513 --> 404 Page Not Found: Assets/themes
ERROR - 20151020212554 --> 404 Page Not Found: Assets/themes
ERROR - 20151020212914 --> 404 Page Not Found: Pustakahtml/index
ERROR - 20151020212919 --> 404 Page Not Found: Assets/themes
