ERROR - 20151217205229 --> 404 Page Not Found: Images/banner1.jpg
ERROR - 20151217205229 --> 404 Page Not Found: Js/bootstrap.min.js
ERROR - 20151217205229 --> 404 Page Not Found: Js/skrollr.min.js
ERROR - 20151217205229 --> 404 Page Not Found: Images/banner2.jpg
ERROR - 20151217205229 --> 404 Page Not Found: Js/owl.carousel.js
ERROR - 20151217205229 --> 404 Page Not Found: Js/jquery.bxslider.min.js
ERROR - 20151217205229 --> 404 Page Not Found: Js/functions.js
ERROR - 20151217205229 --> 404 Page Not Found: Images/course1.jpg
ERROR - 20151217205229 --> 404 Page Not Found: Images/course4.jpg
ERROR - 20151217205229 --> 404 Page Not Found: Images/banner4.jpg
ERROR - 20151217205229 --> 404 Page Not Found: Images/student.png
ERROR - 20151217205229 --> 404 Page Not Found: Images/topic2.jpg
ERROR - 20151217205229 --> 404 Page Not Found: Images/banner3.jpg
ERROR - 20151217205229 --> 404 Page Not Found: Images/course3.jpg
ERROR - 20151217205229 --> 404 Page Not Found: Images/topic4.jpg
ERROR - 20151217205229 --> 404 Page Not Found: Images/topic6.jpg
ERROR - 20151217205229 --> 404 Page Not Found: Images/teachers1.jpg
ERROR - 20151217205229 --> 404 Page Not Found: Images/teachers2.jpg
ERROR - 20151217205229 --> 404 Page Not Found: Images/teachers3.jpg
ERROR - 20151217205229 --> 404 Page Not Found: Images/course2.jpg
ERROR - 20151217205229 --> 404 Page Not Found: Images/topic3.jpg
ERROR - 20151217205229 --> 404 Page Not Found: Images/topic5.jpg
ERROR - 20151217205229 --> 404 Page Not Found: Images/event2.png
ERROR - 20151217205229 --> 404 Page Not Found: Images/event1.png
ERROR - 20151217205229 --> 404 Page Not Found: Images/teachers4.jpg
ERROR - 20151217205229 --> 404 Page Not Found: Images/event3.png
ERROR - 20151217205229 --> 404 Page Not Found: Images/topic1.jpg
ERROR - 20151217205229 --> 404 Page Not Found: Images/student-testi2.jpg
ERROR - 20151217205229 --> 404 Page Not Found: Images/event4.png
ERROR - 20151217205229 --> 404 Page Not Found: Images/post.png
ERROR - 20151217205229 --> 404 Page Not Found: Images/student-testi4.jpg
ERROR - 20151217205229 --> 404 Page Not Found: Images/article.jpg
ERROR - 20151217205229 --> 404 Page Not Found: Images/student-testi5.jpg
ERROR - 20151217205229 --> 404 Page Not Found: Images/toprated.jpg
ERROR - 20151217205229 --> 404 Page Not Found: Images/student-testi3.jpg
ERROR - 20151217205229 --> 404 Page Not Found: Images/testimonials-bg2.png
ERROR - 20151217205229 --> 404 Page Not Found: Images/student-testi1.jpg
ERROR - 20151217205229 --> 404 Page Not Found: Images/facebook-widget.jpg
ERROR - 20151217205229 --> 404 Page Not Found: Js/modernizr.js
ERROR - 20151217205240 --> 404 Page Not Found: Images/banner1.jpg
ERROR - 20151217205240 --> 404 Page Not Found: Images/banner2.jpg
ERROR - 20151217205240 --> 404 Page Not Found: Images/banner3.jpg
ERROR - 20151217205240 --> 404 Page Not Found: Images/banner4.jpg
ERROR - 20151217205240 --> 404 Page Not Found: Images/course1.jpg
ERROR - 20151217205240 --> 404 Page Not Found: Images/student.png
ERROR - 20151217205240 --> 404 Page Not Found: Images/course4.jpg
ERROR - 20151217205240 --> 404 Page Not Found: Images/course3.jpg
ERROR - 20151217205240 --> 404 Page Not Found: Images/topic2.jpg
ERROR - 20151217205240 --> 404 Page Not Found: Js/jquery.bxslider.min.js
ERROR - 20151217205240 --> 404 Page Not Found: Js/owl.carousel.js
ERROR - 20151217205240 --> 404 Page Not Found: Js/functions.js
ERROR - 20151217205240 --> 404 Page Not Found: Images/course2.jpg
ERROR - 20151217205240 --> 404 Page Not Found: Images/topic3.jpg
ERROR - 20151217205240 --> 404 Page Not Found: Images/topic4.jpg
ERROR - 20151217205240 --> 404 Page Not Found: Images/topic1.jpg
ERROR - 20151217205240 --> 404 Page Not Found: Js/bootstrap.min.js
ERROR - 20151217205240 --> 404 Page Not Found: Images/teachers1.jpg
ERROR - 20151217205240 --> 404 Page Not Found: Images/teachers2.jpg
ERROR - 20151217205240 --> 404 Page Not Found: Images/teachers3.jpg
ERROR - 20151217205240 --> 404 Page Not Found: Js/skrollr.min.js
ERROR - 20151217205240 --> 404 Page Not Found: Images/topic6.jpg
ERROR - 20151217205240 --> 404 Page Not Found: Images/post.png
ERROR - 20151217205240 --> 404 Page Not Found: Js/modernizr.js
ERROR - 20151217205240 --> 404 Page Not Found: Images/event2.png
ERROR - 20151217205240 --> 404 Page Not Found: Images/teachers4.jpg
ERROR - 20151217205240 --> 404 Page Not Found: Images/event1.png
ERROR - 20151217205240 --> 404 Page Not Found: Images/event4.png
ERROR - 20151217205240 --> 404 Page Not Found: Images/event3.png
ERROR - 20151217205240 --> 404 Page Not Found: Images/student-testi3.jpg
ERROR - 20151217205240 --> 404 Page Not Found: Images/student-testi5.jpg
ERROR - 20151217205240 --> 404 Page Not Found: Images/testimonials-bg2.png
ERROR - 20151217205240 --> 404 Page Not Found: Images/article.jpg
ERROR - 20151217205240 --> 404 Page Not Found: Images/student-testi1.jpg
ERROR - 20151217205240 --> 404 Page Not Found: Images/topic5.jpg
ERROR - 20151217205240 --> 404 Page Not Found: Images/student-testi4.jpg
ERROR - 20151217205240 --> 404 Page Not Found: Images/student-testi2.jpg
ERROR - 20151217205240 --> 404 Page Not Found: Images/toprated.jpg
ERROR - 20151217205240 --> 404 Page Not Found: Images/facebook-widget.jpg
ERROR - 20151217205247 --> 404 Page Not Found: Js/bootstrap.min.js
ERROR - 20151217205247 --> 404 Page Not Found: Js/jquery.bxslider.min.js
ERROR - 20151217205322 --> 404 Page Not Found: Js/owl.carousel.js
ERROR - 20151217205322 --> 404 Page Not Found: Js/modernizr.js
ERROR - 20151217205322 --> 404 Page Not Found: Js/skrollr.min.js
ERROR - 20151217205322 --> 404 Page Not Found: Js/functions.js
ERROR - 20151217205334 --> Severity: Notice --> Use of undefined constant IKNOW_DIR - assumed 'IKNOW_DIR' C:\xampp\htdocs\guruprivat\application\views\iknow\home.php 4
ERROR - 20151217205334 --> Severity: Notice --> Use of undefined constant IKNOW_DIR - assumed 'IKNOW_DIR' C:\xampp\htdocs\guruprivat\application\views\iknow\home.php 5
ERROR - 20151217205334 --> Severity: Notice --> Use of undefined constant IKNOW_DIR - assumed 'IKNOW_DIR' C:\xampp\htdocs\guruprivat\application\views\iknow\home.php 6
ERROR - 20151217205334 --> Severity: Notice --> Use of undefined constant IKNOW_DIR - assumed 'IKNOW_DIR' C:\xampp\htdocs\guruprivat\application\views\iknow\home.php 7
ERROR - 20151217205334 --> Severity: Notice --> Use of undefined constant IKNOW_DIR - assumed 'IKNOW_DIR' C:\xampp\htdocs\guruprivat\application\views\iknow\home.php 100
ERROR - 20151217205334 --> Severity: Notice --> Use of undefined constant IKNOW_DIR - assumed 'IKNOW_DIR' C:\xampp\htdocs\guruprivat\application\views\iknow\home.php 124
ERROR - 20151217205334 --> Severity: Notice --> Use of undefined constant IKNOW_DIR - assumed 'IKNOW_DIR' C:\xampp\htdocs\guruprivat\application\views\iknow\home.php 148
ERROR - 20151217205334 --> Severity: Notice --> Use of undefined constant IKNOW_DIR - assumed 'IKNOW_DIR' C:\xampp\htdocs\guruprivat\application\views\iknow\home.php 172
ERROR - 20151217205334 --> Severity: Notice --> Use of undefined constant IKNOW_DIR - assumed 'IKNOW_DIR' C:\xampp\htdocs\guruprivat\application\views\iknow\home.php 196
ERROR - 20151217205334 --> Severity: Notice --> Use of undefined constant IKNOW_DIR - assumed 'IKNOW_DIR' C:\xampp\htdocs\guruprivat\application\views\iknow\home.php 220
ERROR - 20151217205334 --> Severity: Notice --> Use of undefined constant IKNOW_DIR - assumed 'IKNOW_DIR' C:\xampp\htdocs\guruprivat\application\views\iknow\home.php 244
ERROR - 20151217205334 --> Severity: Notice --> Use of undefined constant IKNOW_DIR - assumed 'IKNOW_DIR' C:\xampp\htdocs\guruprivat\application\views\iknow\home.php 268
ERROR - 20151217205334 --> Severity: Notice --> Use of undefined constant IKNOW_DIR - assumed 'IKNOW_DIR' C:\xampp\htdocs\guruprivat\application\views\iknow\home.php 292
ERROR - 20151217205334 --> Severity: Notice --> Use of undefined constant IKNOW_DIR - assumed 'IKNOW_DIR' C:\xampp\htdocs\guruprivat\application\views\iknow\home.php 316
ERROR - 20151217205334 --> Severity: Notice --> Use of undefined constant IKNOW_DIR - assumed 'IKNOW_DIR' C:\xampp\htdocs\guruprivat\application\views\iknow\home.php 340
ERROR - 20151217205334 --> Severity: Notice --> Use of undefined constant IKNOW_DIR - assumed 'IKNOW_DIR' C:\xampp\htdocs\guruprivat\application\views\iknow\home.php 364
ERROR - 20151217205334 --> Severity: Notice --> Use of undefined constant IKNOW_DIR - assumed 'IKNOW_DIR' C:\xampp\htdocs\guruprivat\application\views\iknow\home.php 395
ERROR - 20151217205334 --> Severity: Notice --> Use of undefined constant IKNOW_DIR - assumed 'IKNOW_DIR' C:\xampp\htdocs\guruprivat\application\views\iknow\home.php 468
ERROR - 20151217205334 --> Severity: Notice --> Use of undefined constant IKNOW_DIR - assumed 'IKNOW_DIR' C:\xampp\htdocs\guruprivat\application\views\iknow\home.php 480
ERROR - 20151217205334 --> Severity: Notice --> Use of undefined constant IKNOW_DIR - assumed 'IKNOW_DIR' C:\xampp\htdocs\guruprivat\application\views\iknow\home.php 492
ERROR - 20151217205334 --> Severity: Notice --> Use of undefined constant IKNOW_DIR - assumed 'IKNOW_DIR' C:\xampp\htdocs\guruprivat\application\views\iknow\home.php 504
ERROR - 20151217205334 --> Severity: Notice --> Use of undefined constant IKNOW_DIR - assumed 'IKNOW_DIR' C:\xampp\htdocs\guruprivat\application\views\iknow\home.php 516
ERROR - 20151217205334 --> Severity: Notice --> Use of undefined constant IKNOW_DIR - assumed 'IKNOW_DIR' C:\xampp\htdocs\guruprivat\application\views\iknow\home.php 528
ERROR - 20151217205334 --> Severity: Notice --> Use of undefined constant IKNOW_DIR - assumed 'IKNOW_DIR' C:\xampp\htdocs\guruprivat\application\views\iknow\home.php 544
ERROR - 20151217205334 --> Severity: Notice --> Use of undefined constant IKNOW_DIR - assumed 'IKNOW_DIR' C:\xampp\htdocs\guruprivat\application\views\iknow\home.php 556
ERROR - 20151217205334 --> Severity: Notice --> Use of undefined constant IKNOW_DIR - assumed 'IKNOW_DIR' C:\xampp\htdocs\guruprivat\application\views\iknow\home.php 568
ERROR - 20151217205334 --> Severity: Notice --> Use of undefined constant IKNOW_DIR - assumed 'IKNOW_DIR' C:\xampp\htdocs\guruprivat\application\views\iknow\home.php 580
ERROR - 20151217205334 --> Severity: Notice --> Use of undefined constant IKNOW_DIR - assumed 'IKNOW_DIR' C:\xampp\htdocs\guruprivat\application\views\iknow\home.php 592
ERROR - 20151217205334 --> Severity: Notice --> Use of undefined constant IKNOW_DIR - assumed 'IKNOW_DIR' C:\xampp\htdocs\guruprivat\application\views\iknow\home.php 604
ERROR - 20151217205334 --> Severity: Notice --> Use of undefined constant IKNOW_DIR - assumed 'IKNOW_DIR' C:\xampp\htdocs\guruprivat\application\views\iknow\home.php 620
ERROR - 20151217205334 --> Severity: Notice --> Use of undefined constant IKNOW_DIR - assumed 'IKNOW_DIR' C:\xampp\htdocs\guruprivat\application\views\iknow\home.php 632
ERROR - 20151217205334 --> Severity: Notice --> Use of undefined constant IKNOW_DIR - assumed 'IKNOW_DIR' C:\xampp\htdocs\guruprivat\application\views\iknow\home.php 644
ERROR - 20151217205334 --> Severity: Notice --> Use of undefined constant IKNOW_DIR - assumed 'IKNOW_DIR' C:\xampp\htdocs\guruprivat\application\views\iknow\home.php 656
ERROR - 20151217205334 --> Severity: Notice --> Use of undefined constant IKNOW_DIR - assumed 'IKNOW_DIR' C:\xampp\htdocs\guruprivat\application\views\iknow\home.php 668
ERROR - 20151217205334 --> Severity: Notice --> Use of undefined constant IKNOW_DIR - assumed 'IKNOW_DIR' C:\xampp\htdocs\guruprivat\application\views\iknow\home.php 680
ERROR - 20151217205334 --> Severity: Notice --> Use of undefined constant IKNOW_DIR - assumed 'IKNOW_DIR' C:\xampp\htdocs\guruprivat\application\views\iknow\home.php 696
ERROR - 20151217205334 --> Severity: Notice --> Use of undefined constant IKNOW_DIR - assumed 'IKNOW_DIR' C:\xampp\htdocs\guruprivat\application\views\iknow\home.php 708
ERROR - 20151217205334 --> Severity: Notice --> Use of undefined constant IKNOW_DIR - assumed 'IKNOW_DIR' C:\xampp\htdocs\guruprivat\application\views\iknow\home.php 720
ERROR - 20151217205334 --> Severity: Notice --> Use of undefined constant IKNOW_DIR - assumed 'IKNOW_DIR' C:\xampp\htdocs\guruprivat\application\views\iknow\home.php 732
ERROR - 20151217205334 --> Severity: Notice --> Use of undefined constant IKNOW_DIR - assumed 'IKNOW_DIR' C:\xampp\htdocs\guruprivat\application\views\iknow\home.php 744
ERROR - 20151217205334 --> Severity: Notice --> Use of undefined constant IKNOW_DIR - assumed 'IKNOW_DIR' C:\xampp\htdocs\guruprivat\application\views\iknow\home.php 756
ERROR - 20151217205334 --> Severity: Notice --> Use of undefined constant IKNOW_DIR - assumed 'IKNOW_DIR' C:\xampp\htdocs\guruprivat\application\views\iknow\home.php 772
ERROR - 20151217205334 --> Severity: Notice --> Use of undefined constant IKNOW_DIR - assumed 'IKNOW_DIR' C:\xampp\htdocs\guruprivat\application\views\iknow\home.php 784
ERROR - 20151217205334 --> Severity: Notice --> Use of undefined constant IKNOW_DIR - assumed 'IKNOW_DIR' C:\xampp\htdocs\guruprivat\application\views\iknow\home.php 796
ERROR - 20151217205334 --> Severity: Notice --> Use of undefined constant IKNOW_DIR - assumed 'IKNOW_DIR' C:\xampp\htdocs\guruprivat\application\views\iknow\home.php 808
ERROR - 20151217205334 --> Severity: Notice --> Use of undefined constant IKNOW_DIR - assumed 'IKNOW_DIR' C:\xampp\htdocs\guruprivat\application\views\iknow\home.php 820
ERROR - 20151217205334 --> Severity: Notice --> Use of undefined constant IKNOW_DIR - assumed 'IKNOW_DIR' C:\xampp\htdocs\guruprivat\application\views\iknow\home.php 832
ERROR - 20151217205334 --> Severity: Notice --> Use of undefined constant IKNOW_DIR - assumed 'IKNOW_DIR' C:\xampp\htdocs\guruprivat\application\views\iknow\home.php 848
ERROR - 20151217205334 --> Severity: Notice --> Use of undefined constant IKNOW_DIR - assumed 'IKNOW_DIR' C:\xampp\htdocs\guruprivat\application\views\iknow\home.php 860
ERROR - 20151217205334 --> Severity: Notice --> Use of undefined constant IKNOW_DIR - assumed 'IKNOW_DIR' C:\xampp\htdocs\guruprivat\application\views\iknow\home.php 872
ERROR - 20151217205334 --> Severity: Notice --> Use of undefined constant IKNOW_DIR - assumed 'IKNOW_DIR' C:\xampp\htdocs\guruprivat\application\views\iknow\home.php 884
ERROR - 20151217205334 --> Severity: Notice --> Use of undefined constant IKNOW_DIR - assumed 'IKNOW_DIR' C:\xampp\htdocs\guruprivat\application\views\iknow\home.php 896
ERROR - 20151217205334 --> Severity: Notice --> Use of undefined constant IKNOW_DIR - assumed 'IKNOW_DIR' C:\xampp\htdocs\guruprivat\application\views\iknow\home.php 908
ERROR - 20151217205334 --> Severity: Notice --> Use of undefined constant IKNOW_DIR - assumed 'IKNOW_DIR' C:\xampp\htdocs\guruprivat\application\views\iknow\home.php 924
ERROR - 20151217205334 --> Severity: Notice --> Use of undefined constant IKNOW_DIR - assumed 'IKNOW_DIR' C:\xampp\htdocs\guruprivat\application\views\iknow\home.php 936
ERROR - 20151217205334 --> Severity: Notice --> Use of undefined constant IKNOW_DIR - assumed 'IKNOW_DIR' C:\xampp\htdocs\guruprivat\application\views\iknow\home.php 948
ERROR - 20151217205334 --> Severity: Notice --> Use of undefined constant IKNOW_DIR - assumed 'IKNOW_DIR' C:\xampp\htdocs\guruprivat\application\views\iknow\home.php 960
ERROR - 20151217205334 --> Severity: Notice --> Use of undefined constant IKNOW_DIR - assumed 'IKNOW_DIR' C:\xampp\htdocs\guruprivat\application\views\iknow\home.php 972
ERROR - 20151217205334 --> Severity: Notice --> Use of undefined constant IKNOW_DIR - assumed 'IKNOW_DIR' C:\xampp\htdocs\guruprivat\application\views\iknow\home.php 984
ERROR - 20151217205334 --> Severity: Notice --> Use of undefined constant IKNOW_DIR - assumed 'IKNOW_DIR' C:\xampp\htdocs\guruprivat\application\views\iknow\home.php 1026
ERROR - 20151217205334 --> Severity: Notice --> Use of undefined constant IKNOW_DIR - assumed 'IKNOW_DIR' C:\xampp\htdocs\guruprivat\application\views\iknow\home.php 1049
ERROR - 20151217205334 --> Severity: Notice --> Use of undefined constant IKNOW_DIR - assumed 'IKNOW_DIR' C:\xampp\htdocs\guruprivat\application\views\iknow\home.php 1072
ERROR - 20151217205334 --> Severity: Notice --> Use of undefined constant IKNOW_DIR - assumed 'IKNOW_DIR' C:\xampp\htdocs\guruprivat\application\views\iknow\home.php 1095
ERROR - 20151217205334 --> Severity: Notice --> Use of undefined constant IKNOW_DIR - assumed 'IKNOW_DIR' C:\xampp\htdocs\guruprivat\application\views\iknow\home.php 1124
ERROR - 20151217205334 --> Severity: Notice --> Use of undefined constant IKNOW_DIR - assumed 'IKNOW_DIR' C:\xampp\htdocs\guruprivat\application\views\iknow\home.php 1152
ERROR - 20151217205334 --> Severity: Notice --> Use of undefined constant IKNOW_DIR - assumed 'IKNOW_DIR' C:\xampp\htdocs\guruprivat\application\views\iknow\home.php 1193
ERROR - 20151217205334 --> Severity: Notice --> Use of undefined constant IKNOW_DIR - assumed 'IKNOW_DIR' C:\xampp\htdocs\guruprivat\application\views\iknow\home.php 1206
ERROR - 20151217205334 --> Severity: Notice --> Use of undefined constant IKNOW_DIR - assumed 'IKNOW_DIR' C:\xampp\htdocs\guruprivat\application\views\iknow\home.php 1219
ERROR - 20151217205334 --> Severity: Notice --> Use of undefined constant IKNOW_DIR - assumed 'IKNOW_DIR' C:\xampp\htdocs\guruprivat\application\views\iknow\home.php 1232
ERROR - 20151217205334 --> Severity: Notice --> Use of undefined constant IKNOW_DIR - assumed 'IKNOW_DIR' C:\xampp\htdocs\guruprivat\application\views\iknow\home.php 1263
ERROR - 20151217205334 --> Severity: Notice --> Use of undefined constant IKNOW_DIR - assumed 'IKNOW_DIR' C:\xampp\htdocs\guruprivat\application\views\iknow\home.php 1275
ERROR - 20151217205334 --> Severity: Notice --> Use of undefined constant IKNOW_DIR - assumed 'IKNOW_DIR' C:\xampp\htdocs\guruprivat\application\views\iknow\home.php 1287
ERROR - 20151217205334 --> Severity: Notice --> Use of undefined constant IKNOW_DIR - assumed 'IKNOW_DIR' C:\xampp\htdocs\guruprivat\application\views\iknow\home.php 1299
ERROR - 20151217205334 --> Severity: Notice --> Use of undefined constant IKNOW_DIR - assumed 'IKNOW_DIR' C:\xampp\htdocs\guruprivat\application\views\iknow\home.php 1361
ERROR - 20151217205334 --> Severity: Notice --> Use of undefined constant IKNOW_DIR - assumed 'IKNOW_DIR' C:\xampp\htdocs\guruprivat\application\views\iknow\home.php 1368
ERROR - 20151217205334 --> Severity: Notice --> Use of undefined constant IKNOW_DIR - assumed 'IKNOW_DIR' C:\xampp\htdocs\guruprivat\application\views\iknow\home.php 1375
ERROR - 20151217205334 --> Severity: Notice --> Use of undefined constant IKNOW_DIR - assumed 'IKNOW_DIR' C:\xampp\htdocs\guruprivat\application\views\iknow\home.php 1382
ERROR - 20151217205334 --> Severity: Notice --> Use of undefined constant IKNOW_DIR - assumed 'IKNOW_DIR' C:\xampp\htdocs\guruprivat\application\views\iknow\home.php 1389
ERROR - 20151217205334 --> Severity: Notice --> Use of undefined constant IKNOW_DIR - assumed 'IKNOW_DIR' C:\xampp\htdocs\guruprivat\application\views\iknow\home.php 1396
ERROR - 20151217205335 --> 404 Page Not Found: Js/owl.carousel.js
ERROR - 20151217205335 --> 404 Page Not Found: Js/skrollr.min.js
ERROR - 20151217205335 --> 404 Page Not Found: Js/functions.js
ERROR - 20151217205335 --> 404 Page Not Found: Images/article.jpg
ERROR - 20151217205335 --> 404 Page Not Found: Images/facebook-widget.jpg
ERROR - 20151217205335 --> 404 Page Not Found: Js/jquery.bxslider.min.js
ERROR - 20151217205335 --> 404 Page Not Found: Images/toprated.jpg
ERROR - 20151217205335 --> 404 Page Not Found: Js/bootstrap.min.js
ERROR - 20151217205335 --> 404 Page Not Found: Js/modernizr.js
ERROR - 20151217205345 --> 404 Page Not Found: Js/bootstrap.min.js
ERROR - 20151217205346 --> 404 Page Not Found: Js/jquery.bxslider.min.js
ERROR - 20151217205415 --> 404 Page Not Found: Js/owl.carousel.js
ERROR - 20151217205415 --> 404 Page Not Found: Js/modernizr.js
ERROR - 20151217205415 --> 404 Page Not Found: Js/skrollr.min.js
ERROR - 20151217205415 --> 404 Page Not Found: Js/functions.js
ERROR - 20151217205437 --> Severity: Notice --> Use of undefined constant IKNOW_DIR - assumed 'IKNOW_DIR' C:\xampp\htdocs\guruprivat\application\views\iknow\home.php 4
ERROR - 20151217205437 --> Severity: Notice --> Use of undefined constant IKNOW_DIR - assumed 'IKNOW_DIR' C:\xampp\htdocs\guruprivat\application\views\iknow\home.php 5
ERROR - 20151217205437 --> Severity: Notice --> Use of undefined constant IKNOW_DIR - assumed 'IKNOW_DIR' C:\xampp\htdocs\guruprivat\application\views\iknow\home.php 6
ERROR - 20151217205437 --> Severity: Notice --> Use of undefined constant IKNOW_DIR - assumed 'IKNOW_DIR' C:\xampp\htdocs\guruprivat\application\views\iknow\home.php 7
ERROR - 20151217205437 --> Severity: Notice --> Use of undefined constant IKNOW_DIR - assumed 'IKNOW_DIR' C:\xampp\htdocs\guruprivat\application\views\iknow\home.php 100
ERROR - 20151217205437 --> Severity: Notice --> Use of undefined constant IKNOW_DIR - assumed 'IKNOW_DIR' C:\xampp\htdocs\guruprivat\application\views\iknow\home.php 124
ERROR - 20151217205437 --> Severity: Notice --> Use of undefined constant IKNOW_DIR - assumed 'IKNOW_DIR' C:\xampp\htdocs\guruprivat\application\views\iknow\home.php 148
ERROR - 20151217205437 --> Severity: Notice --> Use of undefined constant IKNOW_DIR - assumed 'IKNOW_DIR' C:\xampp\htdocs\guruprivat\application\views\iknow\home.php 172
ERROR - 20151217205437 --> Severity: Notice --> Use of undefined constant IKNOW_DIR - assumed 'IKNOW_DIR' C:\xampp\htdocs\guruprivat\application\views\iknow\home.php 196
ERROR - 20151217205437 --> Severity: Notice --> Use of undefined constant IKNOW_DIR - assumed 'IKNOW_DIR' C:\xampp\htdocs\guruprivat\application\views\iknow\home.php 220
ERROR - 20151217205437 --> Severity: Notice --> Use of undefined constant IKNOW_DIR - assumed 'IKNOW_DIR' C:\xampp\htdocs\guruprivat\application\views\iknow\home.php 244
ERROR - 20151217205437 --> Severity: Notice --> Use of undefined constant IKNOW_DIR - assumed 'IKNOW_DIR' C:\xampp\htdocs\guruprivat\application\views\iknow\home.php 268
ERROR - 20151217205437 --> Severity: Notice --> Use of undefined constant IKNOW_DIR - assumed 'IKNOW_DIR' C:\xampp\htdocs\guruprivat\application\views\iknow\home.php 292
ERROR - 20151217205437 --> Severity: Notice --> Use of undefined constant IKNOW_DIR - assumed 'IKNOW_DIR' C:\xampp\htdocs\guruprivat\application\views\iknow\home.php 316
ERROR - 20151217205437 --> Severity: Notice --> Use of undefined constant IKNOW_DIR - assumed 'IKNOW_DIR' C:\xampp\htdocs\guruprivat\application\views\iknow\home.php 340
ERROR - 20151217205437 --> Severity: Notice --> Use of undefined constant IKNOW_DIR - assumed 'IKNOW_DIR' C:\xampp\htdocs\guruprivat\application\views\iknow\home.php 364
ERROR - 20151217205437 --> Severity: Notice --> Use of undefined constant IKNOW_DIR - assumed 'IKNOW_DIR' C:\xampp\htdocs\guruprivat\application\views\iknow\home.php 395
ERROR - 20151217205437 --> Severity: Notice --> Use of undefined constant IKNOW_DIR - assumed 'IKNOW_DIR' C:\xampp\htdocs\guruprivat\application\views\iknow\home.php 468
ERROR - 20151217205437 --> Severity: Notice --> Use of undefined constant IKNOW_DIR - assumed 'IKNOW_DIR' C:\xampp\htdocs\guruprivat\application\views\iknow\home.php 480
ERROR - 20151217205437 --> Severity: Notice --> Use of undefined constant IKNOW_DIR - assumed 'IKNOW_DIR' C:\xampp\htdocs\guruprivat\application\views\iknow\home.php 492
ERROR - 20151217205437 --> Severity: Notice --> Use of undefined constant IKNOW_DIR - assumed 'IKNOW_DIR' C:\xampp\htdocs\guruprivat\application\views\iknow\home.php 504
ERROR - 20151217205437 --> Severity: Notice --> Use of undefined constant IKNOW_DIR - assumed 'IKNOW_DIR' C:\xampp\htdocs\guruprivat\application\views\iknow\home.php 516
ERROR - 20151217205437 --> Severity: Notice --> Use of undefined constant IKNOW_DIR - assumed 'IKNOW_DIR' C:\xampp\htdocs\guruprivat\application\views\iknow\home.php 528
ERROR - 20151217205437 --> Severity: Notice --> Use of undefined constant IKNOW_DIR - assumed 'IKNOW_DIR' C:\xampp\htdocs\guruprivat\application\views\iknow\home.php 544
ERROR - 20151217205437 --> Severity: Notice --> Use of undefined constant IKNOW_DIR - assumed 'IKNOW_DIR' C:\xampp\htdocs\guruprivat\application\views\iknow\home.php 556
ERROR - 20151217205437 --> Severity: Notice --> Use of undefined constant IKNOW_DIR - assumed 'IKNOW_DIR' C:\xampp\htdocs\guruprivat\application\views\iknow\home.php 568
ERROR - 20151217205437 --> Severity: Notice --> Use of undefined constant IKNOW_DIR - assumed 'IKNOW_DIR' C:\xampp\htdocs\guruprivat\application\views\iknow\home.php 580
ERROR - 20151217205437 --> Severity: Notice --> Use of undefined constant IKNOW_DIR - assumed 'IKNOW_DIR' C:\xampp\htdocs\guruprivat\application\views\iknow\home.php 592
ERROR - 20151217205437 --> Severity: Notice --> Use of undefined constant IKNOW_DIR - assumed 'IKNOW_DIR' C:\xampp\htdocs\guruprivat\application\views\iknow\home.php 604
ERROR - 20151217205437 --> Severity: Notice --> Use of undefined constant IKNOW_DIR - assumed 'IKNOW_DIR' C:\xampp\htdocs\guruprivat\application\views\iknow\home.php 620
ERROR - 20151217205437 --> Severity: Notice --> Use of undefined constant IKNOW_DIR - assumed 'IKNOW_DIR' C:\xampp\htdocs\guruprivat\application\views\iknow\home.php 632
ERROR - 20151217205437 --> Severity: Notice --> Use of undefined constant IKNOW_DIR - assumed 'IKNOW_DIR' C:\xampp\htdocs\guruprivat\application\views\iknow\home.php 644
ERROR - 20151217205437 --> Severity: Notice --> Use of undefined constant IKNOW_DIR - assumed 'IKNOW_DIR' C:\xampp\htdocs\guruprivat\application\views\iknow\home.php 656
ERROR - 20151217205437 --> Severity: Notice --> Use of undefined constant IKNOW_DIR - assumed 'IKNOW_DIR' C:\xampp\htdocs\guruprivat\application\views\iknow\home.php 668
ERROR - 20151217205437 --> Severity: Notice --> Use of undefined constant IKNOW_DIR - assumed 'IKNOW_DIR' C:\xampp\htdocs\guruprivat\application\views\iknow\home.php 680
ERROR - 20151217205437 --> Severity: Notice --> Use of undefined constant IKNOW_DIR - assumed 'IKNOW_DIR' C:\xampp\htdocs\guruprivat\application\views\iknow\home.php 696
ERROR - 20151217205437 --> Severity: Notice --> Use of undefined constant IKNOW_DIR - assumed 'IKNOW_DIR' C:\xampp\htdocs\guruprivat\application\views\iknow\home.php 708
ERROR - 20151217205437 --> Severity: Notice --> Use of undefined constant IKNOW_DIR - assumed 'IKNOW_DIR' C:\xampp\htdocs\guruprivat\application\views\iknow\home.php 720
ERROR - 20151217205437 --> Severity: Notice --> Use of undefined constant IKNOW_DIR - assumed 'IKNOW_DIR' C:\xampp\htdocs\guruprivat\application\views\iknow\home.php 732
ERROR - 20151217205437 --> Severity: Notice --> Use of undefined constant IKNOW_DIR - assumed 'IKNOW_DIR' C:\xampp\htdocs\guruprivat\application\views\iknow\home.php 744
ERROR - 20151217205437 --> Severity: Notice --> Use of undefined constant IKNOW_DIR - assumed 'IKNOW_DIR' C:\xampp\htdocs\guruprivat\application\views\iknow\home.php 756
ERROR - 20151217205437 --> Severity: Notice --> Use of undefined constant IKNOW_DIR - assumed 'IKNOW_DIR' C:\xampp\htdocs\guruprivat\application\views\iknow\home.php 772
ERROR - 20151217205437 --> Severity: Notice --> Use of undefined constant IKNOW_DIR - assumed 'IKNOW_DIR' C:\xampp\htdocs\guruprivat\application\views\iknow\home.php 784
ERROR - 20151217205437 --> Severity: Notice --> Use of undefined constant IKNOW_DIR - assumed 'IKNOW_DIR' C:\xampp\htdocs\guruprivat\application\views\iknow\home.php 796
ERROR - 20151217205437 --> Severity: Notice --> Use of undefined constant IKNOW_DIR - assumed 'IKNOW_DIR' C:\xampp\htdocs\guruprivat\application\views\iknow\home.php 808
ERROR - 20151217205437 --> Severity: Notice --> Use of undefined constant IKNOW_DIR - assumed 'IKNOW_DIR' C:\xampp\htdocs\guruprivat\application\views\iknow\home.php 820
ERROR - 20151217205437 --> Severity: Notice --> Use of undefined constant IKNOW_DIR - assumed 'IKNOW_DIR' C:\xampp\htdocs\guruprivat\application\views\iknow\home.php 832
ERROR - 20151217205437 --> Severity: Notice --> Use of undefined constant IKNOW_DIR - assumed 'IKNOW_DIR' C:\xampp\htdocs\guruprivat\application\views\iknow\home.php 848
ERROR - 20151217205437 --> Severity: Notice --> Use of undefined constant IKNOW_DIR - assumed 'IKNOW_DIR' C:\xampp\htdocs\guruprivat\application\views\iknow\home.php 860
ERROR - 20151217205437 --> Severity: Notice --> Use of undefined constant IKNOW_DIR - assumed 'IKNOW_DIR' C:\xampp\htdocs\guruprivat\application\views\iknow\home.php 872
ERROR - 20151217205437 --> Severity: Notice --> Use of undefined constant IKNOW_DIR - assumed 'IKNOW_DIR' C:\xampp\htdocs\guruprivat\application\views\iknow\home.php 884
ERROR - 20151217205437 --> Severity: Notice --> Use of undefined constant IKNOW_DIR - assumed 'IKNOW_DIR' C:\xampp\htdocs\guruprivat\application\views\iknow\home.php 896
ERROR - 20151217205437 --> Severity: Notice --> Use of undefined constant IKNOW_DIR - assumed 'IKNOW_DIR' C:\xampp\htdocs\guruprivat\application\views\iknow\home.php 908
ERROR - 20151217205437 --> Severity: Notice --> Use of undefined constant IKNOW_DIR - assumed 'IKNOW_DIR' C:\xampp\htdocs\guruprivat\application\views\iknow\home.php 924
ERROR - 20151217205437 --> Severity: Notice --> Use of undefined constant IKNOW_DIR - assumed 'IKNOW_DIR' C:\xampp\htdocs\guruprivat\application\views\iknow\home.php 936
ERROR - 20151217205437 --> Severity: Notice --> Use of undefined constant IKNOW_DIR - assumed 'IKNOW_DIR' C:\xampp\htdocs\guruprivat\application\views\iknow\home.php 948
ERROR - 20151217205437 --> Severity: Notice --> Use of undefined constant IKNOW_DIR - assumed 'IKNOW_DIR' C:\xampp\htdocs\guruprivat\application\views\iknow\home.php 960
ERROR - 20151217205437 --> Severity: Notice --> Use of undefined constant IKNOW_DIR - assumed 'IKNOW_DIR' C:\xampp\htdocs\guruprivat\application\views\iknow\home.php 972
ERROR - 20151217205437 --> Severity: Notice --> Use of undefined constant IKNOW_DIR - assumed 'IKNOW_DIR' C:\xampp\htdocs\guruprivat\application\views\iknow\home.php 984
ERROR - 20151217205437 --> Severity: Notice --> Use of undefined constant IKNOW_DIR - assumed 'IKNOW_DIR' C:\xampp\htdocs\guruprivat\application\views\iknow\home.php 1026
ERROR - 20151217205437 --> Severity: Notice --> Use of undefined constant IKNOW_DIR - assumed 'IKNOW_DIR' C:\xampp\htdocs\guruprivat\application\views\iknow\home.php 1049
ERROR - 20151217205437 --> Severity: Notice --> Use of undefined constant IKNOW_DIR - assumed 'IKNOW_DIR' C:\xampp\htdocs\guruprivat\application\views\iknow\home.php 1072
ERROR - 20151217205437 --> Severity: Notice --> Use of undefined constant IKNOW_DIR - assumed 'IKNOW_DIR' C:\xampp\htdocs\guruprivat\application\views\iknow\home.php 1095
ERROR - 20151217205437 --> Severity: Notice --> Use of undefined constant IKNOW_DIR - assumed 'IKNOW_DIR' C:\xampp\htdocs\guruprivat\application\views\iknow\home.php 1124
ERROR - 20151217205437 --> Severity: Notice --> Use of undefined constant IKNOW_DIR - assumed 'IKNOW_DIR' C:\xampp\htdocs\guruprivat\application\views\iknow\home.php 1152
ERROR - 20151217205437 --> Severity: Notice --> Use of undefined constant IKNOW_DIR - assumed 'IKNOW_DIR' C:\xampp\htdocs\guruprivat\application\views\iknow\home.php 1193
ERROR - 20151217205437 --> Severity: Notice --> Use of undefined constant IKNOW_DIR - assumed 'IKNOW_DIR' C:\xampp\htdocs\guruprivat\application\views\iknow\home.php 1206
ERROR - 20151217205437 --> Severity: Notice --> Use of undefined constant IKNOW_DIR - assumed 'IKNOW_DIR' C:\xampp\htdocs\guruprivat\application\views\iknow\home.php 1219
ERROR - 20151217205437 --> Severity: Notice --> Use of undefined constant IKNOW_DIR - assumed 'IKNOW_DIR' C:\xampp\htdocs\guruprivat\application\views\iknow\home.php 1232
ERROR - 20151217205437 --> Severity: Notice --> Use of undefined constant IKNOW_DIR - assumed 'IKNOW_DIR' C:\xampp\htdocs\guruprivat\application\views\iknow\home.php 1263
ERROR - 20151217205437 --> Severity: Notice --> Use of undefined constant IKNOW_DIR - assumed 'IKNOW_DIR' C:\xampp\htdocs\guruprivat\application\views\iknow\home.php 1275
ERROR - 20151217205437 --> Severity: Notice --> Use of undefined constant IKNOW_DIR - assumed 'IKNOW_DIR' C:\xampp\htdocs\guruprivat\application\views\iknow\home.php 1287
ERROR - 20151217205437 --> Severity: Notice --> Use of undefined constant IKNOW_DIR - assumed 'IKNOW_DIR' C:\xampp\htdocs\guruprivat\application\views\iknow\home.php 1299
ERROR - 20151217205437 --> Severity: Notice --> Use of undefined constant IKNOW_DIR - assumed 'IKNOW_DIR' C:\xampp\htdocs\guruprivat\application\views\iknow\home.php 1361
ERROR - 20151217205437 --> Severity: Notice --> Use of undefined constant IKNOW_DIR - assumed 'IKNOW_DIR' C:\xampp\htdocs\guruprivat\application\views\iknow\home.php 1368
ERROR - 20151217205437 --> Severity: Notice --> Use of undefined constant IKNOW_DIR - assumed 'IKNOW_DIR' C:\xampp\htdocs\guruprivat\application\views\iknow\home.php 1375
ERROR - 20151217205437 --> Severity: Notice --> Use of undefined constant IKNOW_DIR - assumed 'IKNOW_DIR' C:\xampp\htdocs\guruprivat\application\views\iknow\home.php 1382
ERROR - 20151217205437 --> Severity: Notice --> Use of undefined constant IKNOW_DIR - assumed 'IKNOW_DIR' C:\xampp\htdocs\guruprivat\application\views\iknow\home.php 1389
ERROR - 20151217205437 --> Severity: Notice --> Use of undefined constant IKNOW_DIR - assumed 'IKNOW_DIR' C:\xampp\htdocs\guruprivat\application\views\iknow\home.php 1396
ERROR - 20151217205437 --> Severity: Notice --> Use of undefined constant IKNOW_DIR - assumed 'IKNOW_DIR' C:\xampp\htdocs\guruprivat\application\views\iknow\footer.php 13
ERROR - 20151217205437 --> Severity: Notice --> Use of undefined constant IKNOW_DIR - assumed 'IKNOW_DIR' C:\xampp\htdocs\guruprivat\application\views\iknow\footer.php 22
ERROR - 20151217205437 --> Severity: Notice --> Use of undefined constant IKNOW_DIR - assumed 'IKNOW_DIR' C:\xampp\htdocs\guruprivat\application\views\iknow\footer.php 31
ERROR - 20151217205437 --> Severity: Notice --> Use of undefined constant IKNOW_DIR - assumed 'IKNOW_DIR' C:\xampp\htdocs\guruprivat\application\views\iknow\footer.php 49
ERROR - 20151217205437 --> Severity: Notice --> Use of undefined constant IKNOW_DIR - assumed 'IKNOW_DIR' C:\xampp\htdocs\guruprivat\application\views\iknow\footer.php 58
ERROR - 20151217205437 --> Severity: Notice --> Use of undefined constant IKNOW_DIR - assumed 'IKNOW_DIR' C:\xampp\htdocs\guruprivat\application\views\iknow\footer.php 67
ERROR - 20151217205437 --> Severity: Notice --> Use of undefined constant IKNOW_DIR - assumed 'IKNOW_DIR' C:\xampp\htdocs\guruprivat\application\views\iknow\footer.php 85
ERROR - 20151217205437 --> Severity: Notice --> Use of undefined constant IKNOW_DIR - assumed 'IKNOW_DIR' C:\xampp\htdocs\guruprivat\application\views\iknow\footer.php 94
ERROR - 20151217205437 --> Severity: Notice --> Use of undefined constant IKNOW_DIR - assumed 'IKNOW_DIR' C:\xampp\htdocs\guruprivat\application\views\iknow\footer.php 103
ERROR - 20151217205437 --> Severity: Notice --> Use of undefined constant IKNOW_DIR - assumed 'IKNOW_DIR' C:\xampp\htdocs\guruprivat\application\views\iknow\footer.php 178
ERROR - 20151217205437 --> Severity: Notice --> Use of undefined constant IKNOW_DIR - assumed 'IKNOW_DIR' C:\xampp\htdocs\guruprivat\application\views\iknow\footer.php 221
ERROR - 20151217205437 --> Severity: Notice --> Use of undefined constant IKNOW_DIR - assumed 'IKNOW_DIR' C:\xampp\htdocs\guruprivat\application\views\iknow\footer.php 222
ERROR - 20151217205437 --> Severity: Notice --> Use of undefined constant IKNOW_DIR - assumed 'IKNOW_DIR' C:\xampp\htdocs\guruprivat\application\views\iknow\footer.php 224
ERROR - 20151217205437 --> Severity: Notice --> Use of undefined constant IKNOW_DIR - assumed 'IKNOW_DIR' C:\xampp\htdocs\guruprivat\application\views\iknow\footer.php 225
ERROR - 20151217205437 --> Severity: Notice --> Use of undefined constant IKNOW_DIR - assumed 'IKNOW_DIR' C:\xampp\htdocs\guruprivat\application\views\iknow\footer.php 226
ERROR - 20151217205437 --> Severity: Notice --> Use of undefined constant IKNOW_DIR - assumed 'IKNOW_DIR' C:\xampp\htdocs\guruprivat\application\views\iknow\footer.php 227
ERROR - 20151217210501 --> Severity: Error --> Call to a member function result() on a non-object C:\xampp\htdocs\guruprivat\application\controllers\Cms.php 63
ERROR - 20151217210531 --> Severity: Notice --> Undefined variable: count_customer C:\xampp\htdocs\guruprivat\application\views\admin\dashboard.php 23
ERROR - 20151217210531 --> Severity: Notice --> Undefined variable: count_order C:\xampp\htdocs\guruprivat\application\views\admin\dashboard.php 36
ERROR - 20151217210531 --> Severity: Notice --> Undefined variable: total_sales_per_date C:\xampp\htdocs\guruprivat\application\views\admin\dashboard.php 82
ERROR - 20151217210531 --> Severity: Warning --> Invalid argument supplied for foreach() C:\xampp\htdocs\guruprivat\application\views\admin\dashboard.php 82
ERROR - 20151217210531 --> Severity: Notice --> Undefined variable: total_sales_per_date C:\xampp\htdocs\guruprivat\application\views\admin\dashboard.php 91
ERROR - 20151217210531 --> Severity: Warning --> Invalid argument supplied for foreach() C:\xampp\htdocs\guruprivat\application\views\admin\dashboard.php 91
ERROR - 20151217210844 --> Severity: Notice --> Undefined variable: count_order C:\xampp\htdocs\guruprivat\application\views\admin\dashboard.php 36
ERROR - 20151217210844 --> Severity: Notice --> Undefined variable: total_sales_per_date C:\xampp\htdocs\guruprivat\application\views\admin\dashboard.php 82
ERROR - 20151217210844 --> Severity: Warning --> Invalid argument supplied for foreach() C:\xampp\htdocs\guruprivat\application\views\admin\dashboard.php 82
ERROR - 20151217210844 --> Severity: Notice --> Undefined variable: total_sales_per_date C:\xampp\htdocs\guruprivat\application\views\admin\dashboard.php 91
ERROR - 20151217210844 --> Severity: Warning --> Invalid argument supplied for foreach() C:\xampp\htdocs\guruprivat\application\views\admin\dashboard.php 91
